d:\ctis_fall_23_24\ctis151\labguides\labguide4\lg4_sols\lg4_q1\lg4_q5\debug\vc141.pdb
d:\ctis_fall_23_24\ctis151\labguides\labguide4\lg4_sols\lg4_q1\lg4_q5\debug\vc141.idb
d:\ctis_fall_23_24\ctis151\labguides\labguide4\lg4_sols\lg4_q1\lg4_q5\debug\q5.obj
g:\.shortcut-targets-by-id\11w7g8tmt_4vnfe9dysuvqnsx2x6-ywez\151_23_24fall\labguides\labguide4\lg4_sols\lg4_q1\lg4_q5\debug\vc141.pdb
g:\.shortcut-targets-by-id\1-e5ff4npbrdjg8jwnmnrcersvqaa2akm\151_24_25fall\labguides\lg04 - wip\v2\lg4_sols\lg4_q1\lg4_q5\debug\vc141.pdb
d:\ctis_fall_23_24\ctis151\labguides\labguide4\lg4_sols\lg4_q1\debug\lg4_q5.ilk
d:\ctis_fall_23_24\ctis151\labguides\labguide4\lg4_sols\lg4_q1\debug\lg4_q5.exe
d:\ctis_fall_23_24\ctis151\labguides\labguide4\lg4_sols\lg4_q1\debug\lg4_q5.pdb
g:\.shortcut-targets-by-id\11w7g8tmt_4vnfe9dysuvqnsx2x6-ywez\151_23_24fall\labguides\labguide4\lg4_sols\lg4_q1\debug\lg4_q5.pdb
g:\.shortcut-targets-by-id\1-e5ff4npbrdjg8jwnmnrcersvqaa2akm\151_24_25fall\labguides\lg04 - wip\v2\lg4_sols\lg4_q1\debug\lg4_q5.pdb
g:\my drive\ctis151\151_24_25fall\labguides\lg04 - wip\v2\lg4_sols\lg4_q1\lg4_q5\debug\q5.obj
g:\my drive\ctis151\151_24_25fall\labguides\lg04 - wip\v2\lg4_sols\lg4_q1\lg4_q5\debug\vc141.idb
g:\my drive\ctis151\151_24_25fall\labguides\lg04 - wip\v2\lg4_sols\lg4_q1\lg4_q5\debug\vc141.pdb
g:\my drive\ctis151\151_24_25fall\labguides\lg04 - wip\v2\lg4_sols\lg4_q1\debug\lg4_q5.pdb
g:\my drive\ctis151\151_24_25fall\labguides\lg04 - wip\v2\lg4_sols\lg4_q1\debug\lg4_q5.exe
g:\my drive\ctis151\151_24_25fall\labguides\lg04 - wip\v2\lg4_sols\lg4_q1\lg4_q5\debug\lg4_q5.tlog\cl.command.1.tlog
g:\my drive\ctis151\151_24_25fall\labguides\lg04 - wip\v2\lg4_sols\lg4_q1\lg4_q5\debug\lg4_q5.tlog\cl.read.1.tlog
g:\my drive\ctis151\151_24_25fall\labguides\lg04 - wip\v2\lg4_sols\lg4_q1\lg4_q5\debug\lg4_q5.tlog\cl.write.1.tlog
g:\my drive\ctis151\151_24_25fall\labguides\lg04 - wip\v2\lg4_sols\lg4_q1\lg4_q5\debug\lg4_q5.tlog\link.command.1.tlog
g:\my drive\ctis151\151_24_25fall\labguides\lg04 - wip\v2\lg4_sols\lg4_q1\lg4_q5\debug\lg4_q5.tlog\link.read.1.tlog
g:\my drive\ctis151\151_24_25fall\labguides\lg04 - wip\v2\lg4_sols\lg4_q1\lg4_q5\debug\lg4_q5.tlog\link.write.1.tlog
